<?xml version="1.0" encoding="utf-8"?><testsuites name="pytest tests"><testsuite name="pytest" errors="0" failures="0" skipped="0" tests="15" time="7.184" timestamp="2026-05-10T15:57:23.184197+00:00" hostname="agent-env-5b35dbf0-a4e1-42dc-8afd-fb59e85f7a39"><testcase classname="tests.test_ignite_backend" name="test_root" time="0.289" /><testcase classname="tests.test_ignite_backend" name="test_register_login_flow" time="0.898" /><testcase classname="tests.test_ignite_backend" name="test_google_auth_creates_then_logs_in" time="0.095" /><testcase classname="tests.test_ignite_backend" name="test_me_endpoint" time="0.423" /><testcase classname="tests.test_ignite_backend" name="test_onboarding_calc" time="0.000" /><testcase classname="tests.test_ignite_backend" name="test_profile_update_recalcs" time="0.195" /><testcase classname="tests.test_ignite_backend" name="test_meal_plan_generate_and_latest" time="1.111" /><testcase classname="tests.test_ignite_backend" name="test_scan_text" time="0.885" /><testcase classname="tests.test_ignite_backend" name="test_scan_no_input" time="0.047" /><testcase classname="tests.test_ignite_backend" name="test_chat_pre_auth_and_history" time="0.906" /><testcase classname="tests.test_ignite_backend" name="test_chat_authed" time="1.101" /><testcase classname="tests.test_ignite_backend" name="test_recipe_create" time="0.614" /><testcase classname="tests.test_ignite_backend" name="test_recipe_list" time="0.054" /><testcase classname="tests.test_ignite_backend" name="test_recipe_like_toggle" time="0.102" /><testcase classname="tests.test_ignite_backend" name="test_progress_crud" time="0.221" /></testsuite></testsuites>